<?xml version="1.0" encoding="UTF-8"?>
<!-- Generated by org.testng.reporters.JUnitReportReporter -->
<testsuite hostname="01HW1825358" failures="0" tests="1" name="Modules._004_Accept_Cookies" time="14.231" errors="0" timestamp="2022-08-26T18:15:56 IST" skipped="0">
  <testcase classname="Modules._004_Accept_Cookies" name="TC_003" time="14.231"/>
  <system-out/>
</testsuite> <!-- Modules._004_Accept_Cookies -->
