<?xml version="1.0" encoding="UTF-8"?>
<!-- Generated by org.testng.reporters.JUnitReportReporter -->
<testsuite hostname="01HW1825358" failures="0" tests="1" name="Matching_Summary.TC_01" time="45.712" errors="0" timestamp="2022-11-25T10:49:41 IST" skipped="0">
  <testcase classname="Matching_Summary.TC_01" name="TC_01_Matching_Summary" time="45.712"/>
  <system-out/>
</testsuite> <!-- Matching_Summary.TC_01 -->
