<?xml version="1.0" encoding="UTF-8"?>
<!-- Generated by org.testng.reporters.JUnitReportReporter -->
<testsuite hostname="01HW1825358" failures="0" tests="1" name="Competitor_Items.TC_01" time="72.618" errors="0" timestamp="2022-11-25T18:27:42 IST" skipped="0">
  <testcase classname="Competitor_Items.TC_01" name="TC_01_Competitor_Items" time="72.618"/>
  <system-out/>
</testsuite> <!-- Competitor_Items.TC_01 -->
