<?xml version="1.0" encoding="UTF-8"?>
<!-- Generated by org.testng.reporters.JUnitReportReporter -->
<testsuite hostname="01HW1825358" failures="0" tests="1" name="S2_ShoppingListManagement.TC_06_Active_Inactive" time="18.998" errors="0" timestamp="2022-11-29T10:11:55 IST" skipped="0">
  <testcase classname="S2_ShoppingListManagement.TC_06_Active_Inactive" name="TC_06" time="18.998"/>
  <system-out/>
</testsuite> <!-- S2_ShoppingListManagement.TC_06_Active_Inactive -->
