<?xml version="1.0" encoding="UTF-8"?>
<!-- Generated by org.testng.reporters.JUnitReportReporter -->
<testsuite hostname="01HW1825358" failures="0" tests="1" name="Login_Dashboard.TC_01" time="26.749" errors="0" timestamp="2022-11-20T17:14:38 IST" skipped="0">
  <testcase classname="Login_Dashboard.TC_01" name="Launch_browser" time="26.749"/>
  <system-out/>
</testsuite> <!-- Login_Dashboard.TC_01 -->
