<?xml version="1.0" encoding="UTF-8"?>
<!-- Generated by org.testng.reporters.JUnitReportReporter -->
<testsuite hostname="01HW1825358" failures="0" tests="1" name="ShoppingListManagement.TC_07_Input_List_Name" time="5.219" errors="0" timestamp="2022-10-27T14:50:47 IST" skipped="0">
  <testcase classname="ShoppingListManagement.TC_07_Input_List_Name" name="Input_List_Name" time="5.219"/>
  <system-out/>
</testsuite> <!-- ShoppingListManagement.TC_07_Input_List_Name -->
