<?xml version="1.0" encoding="UTF-8"?>
<!-- Generated by org.testng.reporters.JUnitReportReporter -->
<testsuite hostname="01HW1825358" failures="0" tests="1" name="Modules.Home_Page" time="0.111" errors="0" timestamp="2022-08-26T14:55:38 IST" skipped="0">
  <testcase classname="Modules.Home_Page" name="TC_001" time="0.111"/>
  <system-out/>
</testsuite> <!-- Modules.Home_Page -->
