<?xml version="1.0" encoding="UTF-8"?>
<!-- Generated by org.testng.reporters.JUnitReportReporter -->
<testsuite hostname="DESKTOP" failures="0" tests="1" name="S1_Login_Dashboard.TC_04_Password_Invalid" time="9.608" errors="0" timestamp="2022-11-29T14:13:00 IST" skipped="0">
  <testcase classname="S1_Login_Dashboard.TC_04_Password_Invalid" name="TC_04_Invalid_Password" time="9.608"/>
  <system-out/>
</testsuite> <!-- S1_Login_Dashboard.TC_04_Password_Invalid -->
