<?xml version="1.0" encoding="UTF-8"?>
<!-- Generated by org.testng.reporters.JUnitReportReporter -->
<testsuite hostname="01HW1825358" failures="0" tests="1" name="ShoppingListManagement.TC_12_Search_created_list" time="25.263" errors="0" timestamp="2022-09-02T14:52:51 IST" skipped="0">
  <testcase classname="ShoppingListManagement.TC_12_Search_created_list" name="TC_012" time="25.263"/>
  <system-out/>
</testsuite> <!-- ShoppingListManagement.TC_12_Search_created_list -->
