<?xml version="1.0" encoding="UTF-8"?>
<!-- Generated by org.testng.reporters.JUnitReportReporter -->
<testsuite hostname="01HW1825358" failures="0" tests="1" name="ShoppingListManagement.TC_08_Enable_Checkbox_Competitor" time="9.120" errors="0" timestamp="2022-11-01T13:11:59 IST" skipped="0">
  <testcase classname="ShoppingListManagement.TC_08_Enable_Checkbox_Competitor" name="Enable_Checkbox_for_Competitor" time="9.120"/>
  <system-out/>
</testsuite> <!-- ShoppingListManagement.TC_08_Enable_Checkbox_Competitor -->
