<?xml version="1.0" encoding="UTF-8"?>
<!-- Generated by org.testng.reporters.JUnitReportReporter -->
<testsuite hostname="01HW1825358" failures="0" tests="1" name="ShoppingListManagement.hb_menu" time="10.175" errors="0" timestamp="2022-11-01T13:11:59 IST" skipped="0">
  <testcase classname="ShoppingListManagement.hb_menu" name="Hamburger_Menu" time="10.175"/>
  <system-out/>
</testsuite> <!-- ShoppingListManagement.hb_menu -->
