<?xml version="1.0" encoding="UTF-8"?>
<!-- Generated by org.testng.reporters.JUnitReportReporter -->
<testsuite hostname="01HW1825358" failures="0" tests="1" name="Modules._003_login" time="16.263" errors="0" timestamp="2022-08-26T18:15:56 IST" skipped="0">
  <testcase classname="Modules._003_login" name="TC_002" time="16.263"/>
  <system-out/>
</testsuite> <!-- Modules._003_login -->
