<?xml version="1.0" encoding="UTF-8"?>
<!-- Generated by org.testng.reporters.JUnitReportReporter -->
<testsuite hostname="01HW1825358" failures="0" tests="1" name="Login_Dashboard.TC_02" time="32.680" errors="0" timestamp="2022-11-21T01:04:19 IST" skipped="0">
  <testcase classname="Login_Dashboard.TC_02" name="TC_02_Login_Deny_Cookies" time="32.680"/>
  <system-out/>
</testsuite> <!-- Login_Dashboard.TC_02 -->
