<?xml version="1.0" encoding="UTF-8"?>
<!-- Generated by org.testng.reporters.JUnitReportReporter -->
<testsuite hostname="01HW1825358" failures="0" tests="1" name="ShoppingListManagement.TC_08_Select_Competitor" time="13.201" errors="0" timestamp="2022-10-27T14:50:47 IST" skipped="0">
  <testcase classname="ShoppingListManagement.TC_08_Select_Competitor" name="Select_Competitor" time="13.201"/>
  <system-out/>
</testsuite> <!-- ShoppingListManagement.TC_08_Select_Competitor -->
