<?xml version="1.0" encoding="UTF-8"?>
<!-- Generated by org.testng.reporters.JUnitReportReporter -->
<testsuite hostname="01HW1825358" failures="0" tests="1" name="Modules.Launch_Browser" time="2.917" errors="0" timestamp="2022-08-26T14:55:38 IST" skipped="0">
  <testcase classname="Modules.Launch_Browser" name="setup" time="2.917"/>
  <system-out/>
</testsuite> <!-- Modules.Launch_Browser -->
