<?xml version="1.0" encoding="UTF-8"?>
<!-- Generated by org.testng.reporters.JUnitReportReporter -->
<testsuite hostname="01HW1825358" failures="0" tests="1" name="ShoppingListManagement.TC_17_Delete" time="0.172" errors="0" timestamp="2022-09-06T18:28:24 IST" skipped="0">
  <testcase classname="ShoppingListManagement.TC_17_Delete" name="Delete_List" time="0.172"/>
  <system-out/>
</testsuite> <!-- ShoppingListManagement.TC_17_Delete -->
