<?xml version="1.0" encoding="UTF-8"?>
<!-- Generated by org.testng.reporters.JUnitReportReporter -->
<testsuite hostname="01HW1825358" failures="0" tests="1" name="Modules._001_Launch_Browser" time="3.692" errors="0" timestamp="2022-08-30T17:38:24 IST" skipped="0">
  <testcase classname="Modules._001_Launch_Browser" name="setup" time="3.692"/>
  <system-out/>
</testsuite> <!-- Modules._001_Launch_Browser -->
