<?xml version="1.0" encoding="UTF-8"?>
<!-- Generated by org.testng.reporters.JUnitReportReporter -->
<testsuite hostname="DESKTOP" failures="0" tests="1" name="Global_Executions.Reports" time="0.304" errors="0" timestamp="2022-11-29T14:13:00 IST" skipped="0">
  <testcase classname="Global_Executions.Reports" name="Report_Generation" time="0.304"/>
  <system-out/>
</testsuite> <!-- Global_Executions.Reports -->
