<?xml version="1.0" encoding="UTF-8"?>
<!-- Generated by org.testng.reporters.JUnitReportReporter -->
<testsuite hostname="01HW1825358" failures="0" tests="1" name="TC_01.Launch_Browser" time="2.523" errors="0" timestamp="2022-09-01T01:13:19 IST" skipped="0">
  <testcase classname="TC_01.Launch_Browser" name="TC_01_Launch_browser" time="2.523"/>
  <system-out/>
</testsuite> <!-- TC_01.Launch_Browser -->
