<?xml version="1.0" encoding="UTF-8"?>
<!-- Generated by org.testng.reporters.JUnitReportReporter -->
<testsuite hostname="01HW1825358" failures="0" tests="1" name="ShoppingListManagement.TC_11_Delete" time="25.400" errors="0" timestamp="2022-11-01T13:11:59 IST" skipped="0">
  <testcase classname="ShoppingListManagement.TC_11_Delete" name="Delete_List" time="25.400"/>
  <system-out/>
</testsuite> <!-- ShoppingListManagement.TC_11_Delete -->
