<?xml version="1.0" encoding="UTF-8"?>
<!-- Generated by org.testng.reporters.JUnitReportReporter -->
<testsuite hostname="01HW1825358" failures="0" tests="1" name="Login_Module.TC_02_Home_Page" time="4.855" errors="0" timestamp="2022-11-01T13:11:59 IST" skipped="0">
  <testcase classname="Login_Module.TC_02_Home_Page" name="Get_Started" time="4.855"/>
  <system-out/>
</testsuite> <!-- Login_Module.TC_02_Home_Page -->
