<?xml version="1.0" encoding="UTF-8"?>
<!-- Generated by org.testng.reporters.JUnitReportReporter -->
<testsuite hostname="01HW1825358" failures="0" tests="1" name="SLM.TC_01" time="72.034" errors="0" timestamp="2022-11-21T01:12:36 IST" skipped="0">
  <testcase classname="SLM.TC_01" name="TC_01_ShoppingList_Creation" time="72.034"/>
  <system-out/>
</testsuite> <!-- SLM.TC_01 -->
