<?xml version="1.0" encoding="UTF-8"?>
<!-- Generated by org.testng.reporters.JUnitReportReporter -->
<testsuite hostname="01HW1825358" failures="0" tests="1" name="Change_Log.TC_01" time="114.547" errors="0" timestamp="2022-11-24T17:53:04 IST" skipped="0">
  <testcase classname="Change_Log.TC_01" name="TC_01_Change_Log" time="114.547"/>
  <system-out/>
</testsuite> <!-- Change_Log.TC_01 -->
