<?xml version="1.0" encoding="UTF-8"?>
<!-- Generated by org.testng.reporters.JUnitReportReporter -->
<testsuite hostname="01HW1825358" failures="0" tests="1" name="Login_Module.TC_04_Accept_Cookies" time="14.071" errors="0" timestamp="2022-11-01T13:11:59 IST" skipped="0">
  <testcase classname="Login_Module.TC_04_Accept_Cookies" name="Accept_Cookies" time="14.071"/>
  <system-out/>
</testsuite> <!-- Login_Module.TC_04_Accept_Cookies -->
