<?xml version="1.0" encoding="UTF-8"?>
<!-- Generated by org.testng.reporters.JUnitReportReporter -->
<testsuite hostname="01HW1825358" failures="0" tests="1" name="S2_ShoppingListManagement.TC_07_Modify" time="15.161" errors="0" timestamp="2022-11-29T10:11:55 IST" skipped="0">
  <testcase classname="S2_ShoppingListManagement.TC_07_Modify" name="TC_07" time="15.161"/>
  <system-out/>
</testsuite> <!-- S2_ShoppingListManagement.TC_07_Modify -->
