<?xml version="1.0" encoding="UTF-8"?>
<!-- Generated by org.testng.reporters.JUnitReportReporter -->
<testsuite hostname="01HW1825358" failures="0" tests="1" name="Modules._002_Home_Page" time="0.274" errors="0" timestamp="2022-08-26T18:15:56 IST" skipped="0">
  <testcase classname="Modules._002_Home_Page" name="TC_001" time="0.274"/>
  <system-out/>
</testsuite> <!-- Modules._002_Home_Page -->
