<?xml version="1.0" encoding="UTF-8"?>
<!-- Generated by org.testng.reporters.JUnitReportReporter -->
<testsuite hostname="01HW1825358" failures="0" tests="1" name="S5_Matching_Summary.TC_01" time="5.415" errors="0" timestamp="2022-11-28T15:24:38 IST" skipped="0">
  <testcase classname="S5_Matching_Summary.TC_01" name="TC_01_Matching_Summary" time="5.415"/>
  <system-out/>
</testsuite> <!-- S5_Matching_Summary.TC_01 -->
