<?xml version="1.0" encoding="UTF-8"?>
<!-- Generated by org.testng.reporters.JUnitReportReporter -->
<testsuite hostname="01HW1825358" failures="0" tests="1" name="Global_Executions.Login_Screen" time="35.905" errors="0" timestamp="2022-11-29T10:11:55 IST" skipped="0">
  <testcase classname="Global_Executions.Login_Screen" name="Login" time="35.905"/>
  <system-out/>
</testsuite> <!-- Global_Executions.Login_Screen -->
