<?xml version="1.0" encoding="UTF-8"?>
<!-- Generated by org.testng.reporters.JUnitReportReporter -->
<testsuite hostname="01HW1825358" failures="0" tests="1" name="ShoppingListManagement.TC_13_Enable_Checkbox_Competitor" time="10.235" errors="0" timestamp="2022-09-02T14:52:51 IST" skipped="0">
  <testcase classname="ShoppingListManagement.TC_13_Enable_Checkbox_Competitor" name="Enable_Checkbox_for_Competitor" time="10.235"/>
  <system-out/>
</testsuite> <!-- ShoppingListManagement.TC_13_Enable_Checkbox_Competitor -->
