<?xml version="1.0" encoding="UTF-8"?>
<!-- Generated by org.testng.reporters.JUnitReportReporter -->
<testsuite hostname="DESKTOP" failures="0" tests="1" name="S1_Login_Dashboard.TC_01_Accept_Cookies" time="41.024" errors="0" timestamp="2022-11-29T14:13:00 IST" skipped="0">
  <testcase classname="S1_Login_Dashboard.TC_01_Accept_Cookies" name="TC_01_Login_Accept_Cookies" time="41.024"/>
  <system-out/>
</testsuite> <!-- S1_Login_Dashboard.TC_01_Accept_Cookies -->
